<?xml version="1.0" encoding="UTF-8"?>
<!-- Generated by org.testng.reporters.JUnitXMLReporter -->
<testsuite ignored="0" hostname="DESKTOP-SPOA1VT" failures="0" tests="5" name="Test3" time="0.036" errors="0" timestamp="2022-06-22T01:32:36 IST">
  <testcase classname="testNGDemo_Day1.HomeLoan" name="applyForLoan" time="0.003"/>
  <testcase classname="testNGDemo_Day1.HomeLoan" name="loanApproval" time="0.002"/>
  <testcase classname="testNGDemo_Day1.HomeLoan" name="loanDisbursed" time="0.002"/>
  <testcase classname="testNGDemo_Day1.HomeLoan" name="loanRejection" time="0.002"/>
  <testcase classname="testNGDemo_Day1.HomeLoan" name="reapplyForLoan" time="0.001"/>
</testsuite> <!-- Test3 -->
