<?xml version="1.0" encoding="UTF-8"?>
<!-- Generated by org.testng.reporters.JUnitXMLReporter -->
<testsuite ignored="0" hostname="DESKTOP-SPOA1VT" failures="0" tests="10" name="Test" time="0.107" errors="0" timestamp="2022-06-09T14:59:40 IST">
  <testcase classname="testNGDemo_Day1.HomeLoan" name="applyForLoan" time="0.006"/>
  <testcase classname="testNGDemo_Day1.HomeLoan" name="loanApproval" time="0.002"/>
  <testcase classname="testNGDemo_Day1.HomeLoan" name="loanDisbursed" time="0.002"/>
  <testcase classname="testNGDemo_Day1.HomeLoan" name="loanRejection" time="0.003"/>
  <testcase classname="testNGDemo_Day1.HomeLoan" name="reapplyForLoan" time="0.002"/>
  <testcase classname="testNGDemo_Day1.PersonalLoan" name="applyForLoan" time="0.002"/>
  <testcase classname="testNGDemo_Day1.PersonalLoan" name="loanApproval" time="0.001"/>
  <testcase classname="testNGDemo_Day1.PersonalLoan" name="loanDisbursed" time="0.002"/>
  <testcase classname="testNGDemo_Day1.PersonalLoan" name="loanRejection" time="0.001"/>
  <testcase classname="testNGDemo_Day1.PersonalLoan" name="reapplyForLoan" time="0.003"/>
</testsuite> <!-- Test -->
