<?xml version="1.0" encoding="UTF-8"?>
<!-- Generated by org.testng.reporters.JUnitXMLReporter -->
<testsuite ignored="0" hostname="DESKTOP-SPOA1VT" failures="0" tests="5" name="Test2" time="0.047" errors="0" timestamp="2022-06-22T01:32:36 IST">
  <testcase classname="testNGDemo_Day1.PersonalLoan" name="applyForLoan" time="0.004"/>
  <testcase classname="testNGDemo_Day1.PersonalLoan" name="loanApproval" time="0.004"/>
  <testcase classname="testNGDemo_Day1.PersonalLoan" name="loanDisbursed" time="0.002"/>
  <testcase classname="testNGDemo_Day1.PersonalLoan" name="loanRejection" time="0.002"/>
  <testcase classname="testNGDemo_Day1.PersonalLoan" name="reapplyForLoan" time="0.004"/>
</testsuite> <!-- Test2 -->
